<?xml version="1.0" encoding="UTF-8"?>
<testng-results skipped="0" failed="0" ignored="0" total="1" passed="1">
  <reporter-output>
  </reporter-output>
  <suite name="Spring-Boot Test Suite" duration-ms="5131" started-at="2020-06-19T00:04:01 IST" finished-at="2020-06-19T00:04:06 IST">
    <groups>
    </groups>
    <test name="Test-1" duration-ms="5131" started-at="2020-06-19T00:04:01 IST" finished-at="2020-06-19T00:04:06 IST">
      <class name="com.demo.springselenium.googleTests.GoogleTest1">
        <test-method status="PASS" signature="springTestContextBeforeTestClass()[pri:0, instance:com.demo.springselenium.googleTests.GoogleTest1@e15b7e8]" name="springTestContextBeforeTestClass" is-config="true" duration-ms="11" started-at="2020-06-19T00:04:01 IST" finished-at="2020-06-19T00:04:01 IST">
          <reporter-output>
          </reporter-output>
        </test-method> <!-- springTestContextBeforeTestClass -->
        <test-method status="PASS" signature="springTestContextPrepareTestInstance()[pri:0, instance:com.demo.springselenium.googleTests.GoogleTest1@e15b7e8]" name="springTestContextPrepareTestInstance" is-config="true" duration-ms="2654" started-at="2020-06-19T00:04:01 IST" depends-on-methods="org.springframework.test.context.testng.AbstractTestNGSpringContextTests.springTestContextBeforeTestClass" finished-at="2020-06-19T00:04:04 IST">
          <reporter-output>
          </reporter-output>
        </test-method> <!-- springTestContextPrepareTestInstance -->
        <test-method status="PASS" signature="springTestContextBeforeTestMethod(java.lang.reflect.Method)[pri:0, instance:com.demo.springselenium.googleTests.GoogleTest1@e15b7e8]" name="springTestContextBeforeTestMethod" is-config="true" duration-ms="3" started-at="2020-06-19T00:04:04 IST" finished-at="2020-06-19T00:04:04 IST">
          <params>
            <param index="0">
              <value>
                <![CDATA[public void com.demo.springselenium.googleTests.GoogleTest1.TC_001() throws java.io.IOException]]>
              </value>
            </param>
          </params>
          <reporter-output>
          </reporter-output>
        </test-method> <!-- springTestContextBeforeTestMethod -->
        <test-method status="PASS" signature="TC_001()[pri:0, instance:com.demo.springselenium.googleTests.GoogleTest1@e15b7e8]" name="TC_001" duration-ms="2437" started-at="2020-06-19T00:04:04 IST" finished-at="2020-06-19T00:04:06 IST">
          <reporter-output>
          </reporter-output>
        </test-method> <!-- TC_001 -->
        <test-method status="PASS" signature="springTestContextAfterTestClass()[pri:0, instance:com.demo.springselenium.googleTests.GoogleTest1@e15b7e8]" name="springTestContextAfterTestClass" is-config="true" duration-ms="1" started-at="2020-06-19T00:04:06 IST" finished-at="2020-06-19T00:04:06 IST">
          <reporter-output>
          </reporter-output>
        </test-method> <!-- springTestContextAfterTestClass -->
        <test-method status="PASS" signature="springTestContextAfterTestMethod(java.lang.reflect.Method)[pri:0, instance:com.demo.springselenium.googleTests.GoogleTest1@e15b7e8]" name="springTestContextAfterTestMethod" is-config="true" duration-ms="0" started-at="2020-06-19T00:04:06 IST" finished-at="2020-06-19T00:04:06 IST">
          <params>
            <param index="0">
              <value>
                <![CDATA[public void com.demo.springselenium.googleTests.GoogleTest1.TC_001() throws java.io.IOException]]>
              </value>
            </param>
          </params>
          <reporter-output>
          </reporter-output>
        </test-method> <!-- springTestContextAfterTestMethod -->
      </class> <!-- com.demo.springselenium.googleTests.GoogleTest1 -->
    </test> <!-- Test-1 -->
  </suite> <!-- Spring-Boot Test Suite -->
</testng-results>
