<?xml version="1.0" encoding="UTF-8"?>
<testng-results skipped="0" failed="1" ignored="0" total="2" passed="1">
  <reporter-output>
  </reporter-output>
  <suite name="Spring-Boot Test Suite" duration-ms="5966" started-at="2020-06-18T23:00:00 IST" finished-at="2020-06-18T23:00:06 IST">
    <groups>
    </groups>
    <test name="Test-1" duration-ms="5896" started-at="2020-06-18T23:00:00 IST" finished-at="2020-06-18T23:00:06 IST">
      <class name="com.demo.springselenium.googleTests.GoogleTest1">
        <test-method status="PASS" signature="springTestContextBeforeTestClass()[pri:0, instance:com.demo.springselenium.googleTests.GoogleTest1@6392827e]" name="springTestContextBeforeTestClass" is-config="true" duration-ms="13" started-at="2020-06-18T23:00:00 IST" finished-at="2020-06-18T23:00:00 IST">
          <reporter-output>
          </reporter-output>
        </test-method> <!-- springTestContextBeforeTestClass -->
        <test-method status="PASS" signature="springTestContextPrepareTestInstance()[pri:0, instance:com.demo.springselenium.googleTests.GoogleTest1@6392827e]" name="springTestContextPrepareTestInstance" is-config="true" duration-ms="2748" started-at="2020-06-18T23:00:00 IST" depends-on-methods="org.springframework.test.context.testng.AbstractTestNGSpringContextTests.springTestContextBeforeTestClass" finished-at="2020-06-18T23:00:03 IST">
          <reporter-output>
          </reporter-output>
        </test-method> <!-- springTestContextPrepareTestInstance -->
        <test-method status="PASS" signature="springTestContextBeforeTestMethod(java.lang.reflect.Method)[pri:0, instance:com.demo.springselenium.googleTests.GoogleTest1@6392827e]" name="springTestContextBeforeTestMethod" is-config="true" duration-ms="4" started-at="2020-06-18T23:00:03 IST" finished-at="2020-06-18T23:00:03 IST">
          <params>
            <param index="0">
              <value>
                <![CDATA[public void com.demo.springselenium.googleTests.GoogleTest1.TC_001() throws java.io.IOException]]>
              </value>
            </param>
          </params>
          <reporter-output>
          </reporter-output>
        </test-method> <!-- springTestContextBeforeTestMethod -->
        <test-method status="FAIL" signature="TC_001()[pri:0, instance:com.demo.springselenium.googleTests.GoogleTest1@6392827e]" name="TC_001" duration-ms="3094" started-at="2020-06-18T23:00:03 IST" finished-at="2020-06-18T23:00:06 IST">
          <exception class="org.openqa.selenium.StaleElementReferenceException">
            <message>
              <![CDATA[stale element reference: element is not attached to the page document
  (Session info: chrome=83.0.4103.106)
For documentation on this error, please visit: https://www.seleniumhq.org/exceptions/stale_element_reference.html
Build info: version: '3.141.59', revision: 'e82be7d358', time: '2018-11-14T08:17:03'
System info: host: 'CTLT095', ip: '10.111.120.114', os.name: 'Windows 10', os.arch: 'amd64', os.version: '10.0', java.version: '1.8.0_131'
Driver info: org.openqa.selenium.chrome.ChromeDriver
Capabilities {acceptInsecureCerts: false, browserName: chrome, browserVersion: 83.0.4103.106, chrome: {chromedriverVersion: 83.0.4103.39 (ccbf011cb2d2b..., userDataDir: C:\Users\mvinoth\AppData\Lo...}, goog:chromeOptions: {debuggerAddress: localhost:64220}, javascriptEnabled: true, networkConnectionEnabled: false, pageLoadStrategy: normal, platform: WINDOWS, platformName: WINDOWS, proxy: Proxy(), setWindowRect: true, strictFileInteractability: false, timeouts: {implicit: 0, pageLoad: 300000, script: 30000}, unhandledPromptBehavior: dismiss and notify, webauthn:virtualAuthenticators: true}
Session ID: fff02129d3d3291dec60076f573aecaa]]>
            </message>
            <full-stacktrace>
              <![CDATA[org.openqa.selenium.StaleElementReferenceException: stale element reference: element is not attached to the page document
  (Session info: chrome=83.0.4103.106)
For documentation on this error, please visit: https://www.seleniumhq.org/exceptions/stale_element_reference.html
Build info: version: '3.141.59', revision: 'e82be7d358', time: '2018-11-14T08:17:03'
System info: host: 'CTLT095', ip: '10.111.120.114', os.name: 'Windows 10', os.arch: 'amd64', os.version: '10.0', java.version: '1.8.0_131'
Driver info: org.openqa.selenium.chrome.ChromeDriver
Capabilities {acceptInsecureCerts: false, browserName: chrome, browserVersion: 83.0.4103.106, chrome: {chromedriverVersion: 83.0.4103.39 (ccbf011cb2d2b..., userDataDir: C:\Users\mvinoth\AppData\Lo...}, goog:chromeOptions: {debuggerAddress: localhost:64220}, javascriptEnabled: true, networkConnectionEnabled: false, pageLoadStrategy: normal, platform: WINDOWS, platformName: WINDOWS, proxy: Proxy(), setWindowRect: true, strictFileInteractability: false, timeouts: {implicit: 0, pageLoad: 300000, script: 30000}, unhandledPromptBehavior: dismiss and notify, webauthn:virtualAuthenticators: true}
Session ID: fff02129d3d3291dec60076f573aecaa
at sun.reflect.NativeConstructorAccessorImpl.newInstance0(Native Method)
at sun.reflect.NativeConstructorAccessorImpl.newInstance(NativeConstructorAccessorImpl.java:62)
at sun.reflect.DelegatingConstructorAccessorImpl.newInstance(DelegatingConstructorAccessorImpl.java:45)
at java.lang.reflect.Constructor.newInstance(Constructor.java:423)
at org.openqa.selenium.remote.http.W3CHttpResponseCodec.createException(W3CHttpResponseCodec.java:187)
at org.openqa.selenium.remote.http.W3CHttpResponseCodec.decode(W3CHttpResponseCodec.java:122)
at org.openqa.selenium.remote.http.W3CHttpResponseCodec.decode(W3CHttpResponseCodec.java:49)
at org.openqa.selenium.remote.HttpCommandExecutor.execute(HttpCommandExecutor.java:158)
at org.openqa.selenium.remote.service.DriverCommandExecutor.execute(DriverCommandExecutor.java:83)
at org.openqa.selenium.remote.RemoteWebDriver.execute(RemoteWebDriver.java:552)
at org.openqa.selenium.remote.RemoteWebElement.execute(RemoteWebElement.java:285)
at org.openqa.selenium.remote.RemoteWebElement.click(RemoteWebElement.java:84)
at java.util.Optional.ifPresent(Optional.java:159)
at com.demo.springselenium.page.google.SearchComponent.searchFor(SearchComponent.java:24)
at com.demo.springselenium.googleTests.GoogleTest1.TC_001(GoogleTest1.java:26)
at sun.reflect.NativeMethodAccessorImpl.invoke0(Native Method)
at sun.reflect.NativeMethodAccessorImpl.invoke(NativeMethodAccessorImpl.java:62)
at sun.reflect.DelegatingMethodAccessorImpl.invoke(DelegatingMethodAccessorImpl.java:43)
at java.lang.reflect.Method.invoke(Method.java:498)
at org.testng.internal.MethodInvocationHelper.invokeMethod(MethodInvocationHelper.java:134)
at org.testng.internal.MethodInvocationHelper$1.runTestMethod(MethodInvocationHelper.java:240)
at org.springframework.test.context.testng.AbstractTestNGSpringContextTests.run(AbstractTestNGSpringContextTests.java:181)
at org.testng.internal.MethodInvocationHelper.invokeHookable(MethodInvocationHelper.java:252)
at org.testng.internal.TestInvoker.invokeMethod(TestInvoker.java:593)
at org.testng.internal.TestInvoker.invokeTestMethod(TestInvoker.java:173)
at org.testng.internal.MethodRunner.runInSequence(MethodRunner.java:46)
at org.testng.internal.TestInvoker$MethodInvocationAgent.invoke(TestInvoker.java:816)
at org.testng.internal.TestInvoker.invokeTestMethods(TestInvoker.java:146)
at org.testng.internal.TestMethodWorker.invokeTestMethods(TestMethodWorker.java:146)
at org.testng.internal.TestMethodWorker.run(TestMethodWorker.java:128)
at java.util.ArrayList.forEach(ArrayList.java:1249)
at org.testng.TestRunner.privateRun(TestRunner.java:766)
at org.testng.TestRunner.run(TestRunner.java:587)
at org.testng.SuiteRunner.runTest(SuiteRunner.java:384)
at org.testng.SuiteRunner.access$000(SuiteRunner.java:28)
at org.testng.SuiteRunner$SuiteWorker.run(SuiteRunner.java:425)
at org.testng.internal.thread.ThreadUtil.lambda$execute$0(ThreadUtil.java:68)
at java.util.concurrent.FutureTask.run(FutureTask.java:266)
at java.util.concurrent.ThreadPoolExecutor.runWorker(ThreadPoolExecutor.java:1142)
at java.util.concurrent.ThreadPoolExecutor$Worker.run(ThreadPoolExecutor.java:617)
at java.lang.Thread.run(Thread.java:748)
]]>
            </full-stacktrace>
          </exception> <!-- org.openqa.selenium.StaleElementReferenceException -->
          <reporter-output>
          </reporter-output>
        </test-method> <!-- TC_001 -->
        <test-method status="PASS" signature="springTestContextAfterTestMethod(java.lang.reflect.Method)[pri:0, instance:com.demo.springselenium.googleTests.GoogleTest1@6392827e]" name="springTestContextAfterTestMethod" is-config="true" duration-ms="1" started-at="2020-06-18T23:00:06 IST" finished-at="2020-06-18T23:00:06 IST">
          <params>
            <param index="0">
              <value>
                <![CDATA[public void com.demo.springselenium.googleTests.GoogleTest1.TC_001() throws java.io.IOException]]>
              </value>
            </param>
          </params>
          <reporter-output>
          </reporter-output>
        </test-method> <!-- springTestContextAfterTestMethod -->
        <test-method status="PASS" signature="springTestContextAfterTestClass()[pri:0, instance:com.demo.springselenium.googleTests.GoogleTest1@6392827e]" name="springTestContextAfterTestClass" is-config="true" duration-ms="1" started-at="2020-06-18T23:00:06 IST" finished-at="2020-06-18T23:00:06 IST">
          <reporter-output>
          </reporter-output>
        </test-method> <!-- springTestContextAfterTestClass -->
      </class> <!-- com.demo.springselenium.googleTests.GoogleTest1 -->
    </test> <!-- Test-1 -->
    <test name="Test-2" duration-ms="5966" started-at="2020-06-18T23:00:00 IST" finished-at="2020-06-18T23:00:06 IST">
      <class name="com.demo.springselenium.googleTests.GoogleTest2">
        <test-method status="PASS" signature="springTestContextBeforeTestClass()[pri:0, instance:com.demo.springselenium.googleTests.GoogleTest2@6253c26]" name="springTestContextBeforeTestClass" is-config="true" duration-ms="13" started-at="2020-06-18T23:00:00 IST" finished-at="2020-06-18T23:00:00 IST">
          <reporter-output>
          </reporter-output>
        </test-method> <!-- springTestContextBeforeTestClass -->
        <test-method status="PASS" signature="springTestContextPrepareTestInstance()[pri:0, instance:com.demo.springselenium.googleTests.GoogleTest2@6253c26]" name="springTestContextPrepareTestInstance" is-config="true" duration-ms="2748" started-at="2020-06-18T23:00:00 IST" depends-on-methods="org.springframework.test.context.testng.AbstractTestNGSpringContextTests.springTestContextBeforeTestClass" finished-at="2020-06-18T23:00:03 IST">
          <reporter-output>
          </reporter-output>
        </test-method> <!-- springTestContextPrepareTestInstance -->
        <test-method status="PASS" signature="springTestContextBeforeTestMethod(java.lang.reflect.Method)[pri:0, instance:com.demo.springselenium.googleTests.GoogleTest2@6253c26]" name="springTestContextBeforeTestMethod" is-config="true" duration-ms="4" started-at="2020-06-18T23:00:03 IST" finished-at="2020-06-18T23:00:03 IST">
          <params>
            <param index="0">
              <value>
                <![CDATA[public void com.demo.springselenium.googleTests.GoogleTest2.TC_001() throws java.io.IOException]]>
              </value>
            </param>
          </params>
          <reporter-output>
          </reporter-output>
        </test-method> <!-- springTestContextBeforeTestMethod -->
        <test-method status="PASS" signature="TC_001()[pri:0, instance:com.demo.springselenium.googleTests.GoogleTest2@6253c26]" name="TC_001" duration-ms="3176" started-at="2020-06-18T23:00:03 IST" finished-at="2020-06-18T23:00:06 IST">
          <reporter-output>
          </reporter-output>
        </test-method> <!-- TC_001 -->
        <test-method status="PASS" signature="springTestContextAfterTestMethod(java.lang.reflect.Method)[pri:0, instance:com.demo.springselenium.googleTests.GoogleTest2@6253c26]" name="springTestContextAfterTestMethod" is-config="true" duration-ms="0" started-at="2020-06-18T23:00:06 IST" finished-at="2020-06-18T23:00:06 IST">
          <params>
            <param index="0">
              <value>
                <![CDATA[public void com.demo.springselenium.googleTests.GoogleTest2.TC_001() throws java.io.IOException]]>
              </value>
            </param>
          </params>
          <reporter-output>
          </reporter-output>
        </test-method> <!-- springTestContextAfterTestMethod -->
        <test-method status="PASS" signature="springTestContextAfterTestClass()[pri:0, instance:com.demo.springselenium.googleTests.GoogleTest2@6253c26]" name="springTestContextAfterTestClass" is-config="true" duration-ms="0" started-at="2020-06-18T23:00:06 IST" finished-at="2020-06-18T23:00:06 IST">
          <reporter-output>
          </reporter-output>
        </test-method> <!-- springTestContextAfterTestClass -->
      </class> <!-- com.demo.springselenium.googleTests.GoogleTest2 -->
    </test> <!-- Test-2 -->
  </suite> <!-- Spring-Boot Test Suite -->
</testng-results>
